  FileName.cpp
C:\Users\ASUS\Desktop\Project\My\quality-control-project\FileName.cpp(51,50): warning C4244: 'bağımsız değişken': 'int' - '_Tp' dönüşümü; veri kaybı olabilir
C:\Users\ASUS\Desktop\Project\My\quality-control-project\FileName.cpp(51,50): warning C4244:         with
C:\Users\ASUS\Desktop\Project\My\quality-control-project\FileName.cpp(51,50): warning C4244:         [
C:\Users\ASUS\Desktop\Project\My\quality-control-project\FileName.cpp(51,50): warning C4244:             _Tp=float
C:\Users\ASUS\Desktop\Project\My\quality-control-project\FileName.cpp(51,50): warning C4244:         ]
C:\Users\ASUS\Desktop\Project\My\quality-control-project\FileName.cpp(51,34): warning C4244: 'bağımsız değişken': 'int' - '_Tp' dönüşümü; veri kaybı olabilir
C:\Users\ASUS\Desktop\Project\My\quality-control-project\FileName.cpp(51,34): warning C4244:         with
C:\Users\ASUS\Desktop\Project\My\quality-control-project\FileName.cpp(51,34): warning C4244:         [
C:\Users\ASUS\Desktop\Project\My\quality-control-project\FileName.cpp(51,34): warning C4244:             _Tp=float
C:\Users\ASUS\Desktop\Project\My\quality-control-project\FileName.cpp(51,34): warning C4244:         ]
C:\Users\ASUS\Desktop\Project\My\quality-control-project\FileName.cpp(141,35): warning C4244: 'bağımsız değişken': '_Tp' - '_Tp' dönüşümü; veri kaybı olabilir
C:\Users\ASUS\Desktop\Project\My\quality-control-project\FileName.cpp(141,35): warning C4244:         with
C:\Users\ASUS\Desktop\Project\My\quality-control-project\FileName.cpp(141,35): warning C4244:         [
C:\Users\ASUS\Desktop\Project\My\quality-control-project\FileName.cpp(141,35): warning C4244:             _Tp=float
C:\Users\ASUS\Desktop\Project\My\quality-control-project\FileName.cpp(141,35): warning C4244:         ]
C:\Users\ASUS\Desktop\Project\My\quality-control-project\FileName.cpp(141,35): warning C4244:         and
C:\Users\ASUS\Desktop\Project\My\quality-control-project\FileName.cpp(141,35): warning C4244:         [
C:\Users\ASUS\Desktop\Project\My\quality-control-project\FileName.cpp(141,35): warning C4244:             _Tp=int
C:\Users\ASUS\Desktop\Project\My\quality-control-project\FileName.cpp(141,35): warning C4244:         ]
C:\Users\ASUS\Desktop\Project\My\quality-control-project\FileName.cpp(141,22): warning C4244: 'bağımsız değişken': '_Tp' - '_Tp' dönüşümü; veri kaybı olabilir
C:\Users\ASUS\Desktop\Project\My\quality-control-project\FileName.cpp(141,22): warning C4244:         with
C:\Users\ASUS\Desktop\Project\My\quality-control-project\FileName.cpp(141,22): warning C4244:         [
C:\Users\ASUS\Desktop\Project\My\quality-control-project\FileName.cpp(141,22): warning C4244:             _Tp=float
C:\Users\ASUS\Desktop\Project\My\quality-control-project\FileName.cpp(141,22): warning C4244:         ]
C:\Users\ASUS\Desktop\Project\My\quality-control-project\FileName.cpp(141,22): warning C4244:         and
C:\Users\ASUS\Desktop\Project\My\quality-control-project\FileName.cpp(141,22): warning C4244:         [
C:\Users\ASUS\Desktop\Project\My\quality-control-project\FileName.cpp(141,22): warning C4244:             _Tp=int
C:\Users\ASUS\Desktop\Project\My\quality-control-project\FileName.cpp(141,22): warning C4244:         ]
C:\Users\ASUS\Desktop\Project\My\quality-control-project\FileName.cpp(142,38): warning C4244: 'bağımsız değişken': '_Tp' - '_Tp' dönüşümü; veri kaybı olabilir
C:\Users\ASUS\Desktop\Project\My\quality-control-project\FileName.cpp(142,38): warning C4244:         with
C:\Users\ASUS\Desktop\Project\My\quality-control-project\FileName.cpp(142,38): warning C4244:         [
C:\Users\ASUS\Desktop\Project\My\quality-control-project\FileName.cpp(142,38): warning C4244:             _Tp=float
C:\Users\ASUS\Desktop\Project\My\quality-control-project\FileName.cpp(142,38): warning C4244:         ]
C:\Users\ASUS\Desktop\Project\My\quality-control-project\FileName.cpp(142,38): warning C4244:         and
C:\Users\ASUS\Desktop\Project\My\quality-control-project\FileName.cpp(142,38): warning C4244:         [
C:\Users\ASUS\Desktop\Project\My\quality-control-project\FileName.cpp(142,38): warning C4244:             _Tp=int
C:\Users\ASUS\Desktop\Project\My\quality-control-project\FileName.cpp(142,38): warning C4244:         ]
C:\Users\ASUS\Desktop\Project\My\quality-control-project\FileName.cpp(142,25): warning C4244: 'bağımsız değişken': '_Tp' - '_Tp' dönüşümü; veri kaybı olabilir
C:\Users\ASUS\Desktop\Project\My\quality-control-project\FileName.cpp(142,25): warning C4244:         with
C:\Users\ASUS\Desktop\Project\My\quality-control-project\FileName.cpp(142,25): warning C4244:         [
C:\Users\ASUS\Desktop\Project\My\quality-control-project\FileName.cpp(142,25): warning C4244:             _Tp=float
C:\Users\ASUS\Desktop\Project\My\quality-control-project\FileName.cpp(142,25): warning C4244:         ]
C:\Users\ASUS\Desktop\Project\My\quality-control-project\FileName.cpp(142,25): warning C4244:         and
C:\Users\ASUS\Desktop\Project\My\quality-control-project\FileName.cpp(142,25): warning C4244:         [
C:\Users\ASUS\Desktop\Project\My\quality-control-project\FileName.cpp(142,25): warning C4244:             _Tp=int
C:\Users\ASUS\Desktop\Project\My\quality-control-project\FileName.cpp(142,25): warning C4244:         ]
C:\Users\ASUS\Desktop\Project\My\quality-control-project\FileName.cpp(146,41): warning C4244: 'bağımsız değişken': '_Tp' - '_Tp' dönüşümü; veri kaybı olabilir
C:\Users\ASUS\Desktop\Project\My\quality-control-project\FileName.cpp(146,41): warning C4244:         with
C:\Users\ASUS\Desktop\Project\My\quality-control-project\FileName.cpp(146,41): warning C4244:         [
C:\Users\ASUS\Desktop\Project\My\quality-control-project\FileName.cpp(146,41): warning C4244:             _Tp=float
C:\Users\ASUS\Desktop\Project\My\quality-control-project\FileName.cpp(146,41): warning C4244:         ]
C:\Users\ASUS\Desktop\Project\My\quality-control-project\FileName.cpp(146,41): warning C4244:         and
C:\Users\ASUS\Desktop\Project\My\quality-control-project\FileName.cpp(146,41): warning C4244:         [
C:\Users\ASUS\Desktop\Project\My\quality-control-project\FileName.cpp(146,41): warning C4244:             _Tp=int
C:\Users\ASUS\Desktop\Project\My\quality-control-project\FileName.cpp(146,41): warning C4244:         ]
C:\Users\ASUS\Desktop\Project\My\quality-control-project\FileName.cpp(146,26): warning C4244: 'bağımsız değişken': '_Tp' - '_Tp' dönüşümü; veri kaybı olabilir
C:\Users\ASUS\Desktop\Project\My\quality-control-project\FileName.cpp(146,26): warning C4244:         with
C:\Users\ASUS\Desktop\Project\My\quality-control-project\FileName.cpp(146,26): warning C4244:         [
C:\Users\ASUS\Desktop\Project\My\quality-control-project\FileName.cpp(146,26): warning C4244:             _Tp=float
C:\Users\ASUS\Desktop\Project\My\quality-control-project\FileName.cpp(146,26): warning C4244:         ]
C:\Users\ASUS\Desktop\Project\My\quality-control-project\FileName.cpp(146,26): warning C4244:         and
C:\Users\ASUS\Desktop\Project\My\quality-control-project\FileName.cpp(146,26): warning C4244:         [
C:\Users\ASUS\Desktop\Project\My\quality-control-project\FileName.cpp(146,26): warning C4244:             _Tp=int
C:\Users\ASUS\Desktop\Project\My\quality-control-project\FileName.cpp(146,26): warning C4244:         ]
C:\Users\ASUS\Desktop\Project\My\quality-control-project\FileName.cpp(147,42): warning C4244: 'bağımsız değişken': '_Tp' - '_Tp' dönüşümü; veri kaybı olabilir
C:\Users\ASUS\Desktop\Project\My\quality-control-project\FileName.cpp(147,42): warning C4244:         with
C:\Users\ASUS\Desktop\Project\My\quality-control-project\FileName.cpp(147,42): warning C4244:         [
C:\Users\ASUS\Desktop\Project\My\quality-control-project\FileName.cpp(147,42): warning C4244:             _Tp=float
C:\Users\ASUS\Desktop\Project\My\quality-control-project\FileName.cpp(147,42): warning C4244:         ]
C:\Users\ASUS\Desktop\Project\My\quality-control-project\FileName.cpp(147,42): warning C4244:         and
C:\Users\ASUS\Desktop\Project\My\quality-control-project\FileName.cpp(147,42): warning C4244:         [
C:\Users\ASUS\Desktop\Project\My\quality-control-project\FileName.cpp(147,42): warning C4244:             _Tp=int
C:\Users\ASUS\Desktop\Project\My\quality-control-project\FileName.cpp(147,42): warning C4244:         ]
C:\Users\ASUS\Desktop\Project\My\quality-control-project\FileName.cpp(147,27): warning C4244: 'bağımsız değişken': '_Tp' - '_Tp' dönüşümü; veri kaybı olabilir
C:\Users\ASUS\Desktop\Project\My\quality-control-project\FileName.cpp(147,27): warning C4244:         with
C:\Users\ASUS\Desktop\Project\My\quality-control-project\FileName.cpp(147,27): warning C4244:         [
C:\Users\ASUS\Desktop\Project\My\quality-control-project\FileName.cpp(147,27): warning C4244:             _Tp=float
C:\Users\ASUS\Desktop\Project\My\quality-control-project\FileName.cpp(147,27): warning C4244:         ]
C:\Users\ASUS\Desktop\Project\My\quality-control-project\FileName.cpp(147,27): warning C4244:         and
C:\Users\ASUS\Desktop\Project\My\quality-control-project\FileName.cpp(147,27): warning C4244:         [
C:\Users\ASUS\Desktop\Project\My\quality-control-project\FileName.cpp(147,27): warning C4244:             _Tp=int
C:\Users\ASUS\Desktop\Project\My\quality-control-project\FileName.cpp(147,27): warning C4244:         ]
  quality-control-project.vcxproj -> C:\Users\ASUS\Desktop\Project\My\quality-control-project\x64\Debug\quality-control-project.exe
